<?xml version="1.0" encoding="UTF-8"?>
<!-- Generated by org.testng.reporters.JUnitReportReporter -->
<testsuite hostname="DESKTOP-SGMFR42" failures="0" tests="10" name="com.urbanladder.runner.Runner" time="88.536" errors="0" timestamp="2021-09-26T22:31:42 IST" skipped="0">
  <testcase classname="com.urbanladder.runner.Runner" name="Login" time="12.555"/>
  <system-out/>
  <testcase classname="com.urbanladder.runner.Runner" name="DiningTable" time="2.129"/>
  <system-out/>
  <testcase classname="com.urbanladder.runner.Runner" name="Sale" time="11.955"/>
  <system-out/>
  <testcase classname="com.urbanladder.runner.Runner" name="Living" time="9.373"/>
  <system-out/>
  <testcase classname="com.urbanladder.runner.Runner" name="Bedroom" time="8.859"/>
  <system-out/>
  <testcase classname="com.urbanladder.runner.Runner" name="Storage" time="8.724"/>
  <system-out/>
  <testcase classname="com.urbanladder.runner.Runner" name="Study" time="8.758"/>
  <system-out/>
  <testcase classname="com.urbanladder.runner.Runner" name="Kids" time="10.919"/>
  <system-out/>
  <testcase classname="com.urbanladder.runner.Runner" name="GiftCard" time="11.019"/>
  <system-out/>
  <testcase classname="com.urbanladder.runner.Runner" name="BulkOrder" time="4.245"/>
  <system-out/>
</testsuite> <!-- com.urbanladder.runner.Runner -->
